REJECTED: ERROR: CONNECTION RESET BY PEER at 2026-04-17T10:00:04.828000 | Reason: Error log: '['ERROR: CONNECTION RESET BY PEER at 2026-04-17T10:00:04.828000']'
REJECTED: ERROR: CONNECTION RESET BY PEER at 2026-04-17T10:00:09.652000 | Reason: Error log: '['ERROR: CONNECTION RESET BY PEER at 2026-04-17T10:00:09.652000']'
REJECTED: 2026-04-17T10:00:34.674000,/api/v1/users,OK,61 | Reason: Invalid status_code 'OK': invalid literal for int() with base 10: 'OK'
REJECTED: ERROR: CONNECTION RESET BY PEER at 2026-04-17T10:00:38.654000 | Reason: Error log: '['ERROR: CONNECTION RESET BY PEER at 2026-04-17T10:00:38.654000']'
REJECTED: 2026-04-17T10:01:06.745000,/cart,502 | Reason: Error log: '['2026-04-17T10:01:06.745000', '/cart', '502']'
REJECTED: 2026-04-17T10:01:20.149000,/login,OK,759 | Reason: Invalid status_code 'OK': invalid literal for int() with base 10: 'OK'
REJECTED: ERROR: CONNECTION RESET BY PEER at 2026-04-17T10:01:30.045000 | Reason: Error log: '['ERROR: CONNECTION RESET BY PEER at 2026-04-17T10:01:30.045000']'
REJECTED: 2026-04-17T10:01:41.665000,/login,OK,439 | Reason: Invalid status_code 'OK': invalid literal for int() with base 10: 'OK'
REJECTED: 2026-04-17T10:01:55.637000,/cart,OK,1485 | Reason: Invalid status_code 'OK': invalid literal for int() with base 10: 'OK'
REJECTED: ERROR: CONNECTION RESET BY PEER at 2026-04-17T10:02:18.534000 | Reason: Error log: '['ERROR: CONNECTION RESET BY PEER at 2026-04-17T10:02:18.534000']'
REJECTED: 2026-04-17T10:02:29.755000,/api/v1/users,200 | Reason: Error log: '['2026-04-17T10:02:29.755000', '/api/v1/users', '200']'
REJECTED: ERROR: CONNECTION RESET BY PEER at 2026-04-17T10:02:47.020000 | Reason: Error log: '['ERROR: CONNECTION RESET BY PEER at 2026-04-17T10:02:47.020000']'
REJECTED: ERROR: CONNECTION RESET BY PEER at 2026-04-17T10:02:54.602000 | Reason: Error log: '['ERROR: CONNECTION RESET BY PEER at 2026-04-17T10:02:54.602000']'
REJECTED: 2026-04-17T10:03:58.359000,/api/v1/products,200 | Reason: Error log: '['2026-04-17T10:03:58.359000', '/api/v1/products', '200']'
REJECTED: 2026-04-17T10:04:26.005000,/home,502 | Reason: Error log: '['2026-04-17T10:04:26.005000', '/home', '502']'
REJECTED: ERROR: CONNECTION RESET BY PEER at 2026-04-17T10:05:11.790000 | Reason: Error log: '['ERROR: CONNECTION RESET BY PEER at 2026-04-17T10:05:11.790000']'
REJECTED: 2026-04-17T10:05:18.068000,/login,200 | Reason: Error log: '['2026-04-17T10:05:18.068000', '/login', '200']'
REJECTED: ERROR: CONNECTION RESET BY PEER at 2026-04-17T10:05:45.694000 | Reason: Error log: '['ERROR: CONNECTION RESET BY PEER at 2026-04-17T10:05:45.694000']'
REJECTED: 2026-04-17T10:05:55.300000,/home,OK,175 | Reason: Invalid status_code 'OK': invalid literal for int() with base 10: 'OK'
REJECTED: ERROR: CONNECTION RESET BY PEER at 2026-04-17T10:06:48.247000 | Reason: Error log: '['ERROR: CONNECTION RESET BY PEER at 2026-04-17T10:06:48.247000']'
REJECTED: ERROR: CONNECTION RESET BY PEER at 2026-04-17T10:07:06.524000 | Reason: Error log: '['ERROR: CONNECTION RESET BY PEER at 2026-04-17T10:07:06.524000']'
REJECTED: ERROR: CONNECTION RESET BY PEER at 2026-04-17T10:07:11.222000 | Reason: Error log: '['ERROR: CONNECTION RESET BY PEER at 2026-04-17T10:07:11.222000']'
REJECTED: ERROR: CONNECTION RESET BY PEER at 2026-04-17T10:07:32.296000 | Reason: Error log: '['ERROR: CONNECTION RESET BY PEER at 2026-04-17T10:07:32.296000']'
REJECTED: 2026-04-17T10:07:51.144000,/api/v1/users,301 | Reason: Error log: '['2026-04-17T10:07:51.144000', '/api/v1/users', '301']'
REJECTED: ERROR: CONNECTION RESET BY PEER at 2026-04-17T10:08:12.248000 | Reason: Error log: '['ERROR: CONNECTION RESET BY PEER at 2026-04-17T10:08:12.248000']'
REJECTED: 2026-04-17T10:08:17.828000,/home,400 | Reason: Error log: '['2026-04-17T10:08:17.828000', '/home', '400']'
REJECTED: ERROR: CONNECTION RESET BY PEER at 2026-04-17T10:08:57.767000 | Reason: Error log: '['ERROR: CONNECTION RESET BY PEER at 2026-04-17T10:08:57.767000']'
REJECTED: 2026-04-17T10:09:01.935000,/api/v1/products,403 | Reason: Error log: '['2026-04-17T10:09:01.935000', '/api/v1/products', '403']'
REJECTED: ERROR: CONNECTION RESET BY PEER at 2026-04-17T10:10:09.365000 | Reason: Error log: '['ERROR: CONNECTION RESET BY PEER at 2026-04-17T10:10:09.365000']'
REJECTED: 2026-04-17T10:11:34.917000,/api/v1/users,200 | Reason: Error log: '['2026-04-17T10:11:34.917000', '/api/v1/users', '200']'
REJECTED: 2026-04-17T10:11:57.517000,/home,OK,1327 | Reason: Invalid status_code 'OK': invalid literal for int() with base 10: 'OK'
REJECTED: 2026-04-17T10:12:08.128000,/login,OK,1308 | Reason: Invalid status_code 'OK': invalid literal for int() with base 10: 'OK'
REJECTED: 2026-04-17T10:12:28.616000,/login,500 | Reason: Error log: '['2026-04-17T10:12:28.616000', '/login', '500']'
REJECTED: 2026-04-17T10:12:47.107000,/api/v1/users,OK,1410 | Reason: Invalid status_code 'OK': invalid literal for int() with base 10: 'OK'
REJECTED: ERROR: CONNECTION RESET BY PEER at 2026-04-17T10:12:59.365000 | Reason: Error log: '['ERROR: CONNECTION RESET BY PEER at 2026-04-17T10:12:59.365000']'
REJECTED: ERROR: CONNECTION RESET BY PEER at 2026-04-17T10:13:01.749000 | Reason: Error log: '['ERROR: CONNECTION RESET BY PEER at 2026-04-17T10:13:01.749000']'
REJECTED: 2026-04-17T10:13:26.539000,/home,502 | Reason: Error log: '['2026-04-17T10:13:26.539000', '/home', '502']'
REJECTED: 2026-04-17T10:13:42.765000,/checkout,200 | Reason: Error log: '['2026-04-17T10:13:42.765000', '/checkout', '200']'
REJECTED: ERROR: CONNECTION RESET BY PEER at 2026-04-17T10:13:49.961000 | Reason: Error log: '['ERROR: CONNECTION RESET BY PEER at 2026-04-17T10:13:49.961000']'
REJECTED: 2026-04-17T10:14:51.050000,/login,OK,1013 | Reason: Invalid status_code 'OK': invalid literal for int() with base 10: 'OK'
REJECTED: ERROR: CONNECTION RESET BY PEER at 2026-04-17T10:15:10.151000 | Reason: Error log: '['ERROR: CONNECTION RESET BY PEER at 2026-04-17T10:15:10.151000']'
REJECTED: 2026-04-17T10:15:14,/checkout,301,1280 | Reason: Unknown date format: '2026-04-17T10:15:14'
REJECTED: 2026-04-17T10:15:55.497000,/api/v1/products,OK,1187 | Reason: Invalid status_code 'OK': invalid literal for int() with base 10: 'OK'
REJECTED: ERROR: CONNECTION RESET BY PEER at 2026-04-17T10:16:10.762000 | Reason: Error log: '['ERROR: CONNECTION RESET BY PEER at 2026-04-17T10:16:10.762000']'
REJECTED: 2026-04-17T10:16:54.324000,/api/v1/products,403 | Reason: Error log: '['2026-04-17T10:16:54.324000', '/api/v1/products', '403']'
REJECTED: ERROR: CONNECTION RESET BY PEER at 2026-04-17T10:17:17.123000 | Reason: Error log: '['ERROR: CONNECTION RESET BY PEER at 2026-04-17T10:17:17.123000']'
REJECTED: 2026-04-17T10:17:21.723000,/api/v1/users,OK,164 | Reason: Invalid status_code 'OK': invalid literal for int() with base 10: 'OK'
REJECTED: 2026-04-17T10:18:42.796000,/home,404 | Reason: Error log: '['2026-04-17T10:18:42.796000', '/home', '404']'
REJECTED: 2026-04-17T10:19:06.895000,/api/v1/users,401 | Reason: Error log: '['2026-04-17T10:19:06.895000', '/api/v1/users', '401']'
REJECTED: 2026-04-17T10:19:24.849000,/api/v1/products,OK,1406 | Reason: Invalid status_code 'OK': invalid literal for int() with base 10: 'OK'
REJECTED: ERROR: CONNECTION RESET BY PEER at 2026-04-17T10:19:45.045000 | Reason: Error log: '['ERROR: CONNECTION RESET BY PEER at 2026-04-17T10:19:45.045000']'
REJECTED: 2026-04-17T10:20:26.984000,/home,OK,119 | Reason: Invalid status_code 'OK': invalid literal for int() with base 10: 'OK'
REJECTED: ERROR: CONNECTION RESET BY PEER at 2026-04-17T10:21:28.502000 | Reason: Error log: '['ERROR: CONNECTION RESET BY PEER at 2026-04-17T10:21:28.502000']'
REJECTED: 2026-04-17T10:22:15.857000,/api/v1/products,OK,1117 | Reason: Invalid status_code 'OK': invalid literal for int() with base 10: 'OK'
REJECTED: 2026-04-17T10:23:08.581000,/api/v1/users,OK,76 | Reason: Invalid status_code 'OK': invalid literal for int() with base 10: 'OK'
REJECTED: ERROR: CONNECTION RESET BY PEER at 2026-04-17T10:23:27.580000 | Reason: Error log: '['ERROR: CONNECTION RESET BY PEER at 2026-04-17T10:23:27.580000']'
REJECTED: 2026-04-17T10:23:46.418000,/api/v1/users,200 | Reason: Error log: '['2026-04-17T10:23:46.418000', '/api/v1/users', '200']'
REJECTED: 2026-04-17T10:24:04.047000,/api/v1/products,200 | Reason: Error log: '['2026-04-17T10:24:04.047000', '/api/v1/products', '200']'
REJECTED: 2026-04-17T10:25:31.922000,/cart,400 | Reason: Error log: '['2026-04-17T10:25:31.922000', '/cart', '400']'
REJECTED: 2026-04-17T10:25:33.260000,/api/v1/products,500 | Reason: Error log: '['2026-04-17T10:25:33.260000', '/api/v1/products', '500']'
REJECTED: ERROR: CONNECTION RESET BY PEER at 2026-04-17T10:25:46.122000 | Reason: Error log: '['ERROR: CONNECTION RESET BY PEER at 2026-04-17T10:25:46.122000']'
REJECTED: ERROR: CONNECTION RESET BY PEER at 2026-04-17T10:25:52.285000 | Reason: Error log: '['ERROR: CONNECTION RESET BY PEER at 2026-04-17T10:25:52.285000']'
REJECTED: 2026-04-17T10:26:42.810000,/login,OK,376 | Reason: Invalid status_code 'OK': invalid literal for int() with base 10: 'OK'
REJECTED: ERROR: CONNECTION RESET BY PEER at 2026-04-17T10:26:49.874000 | Reason: Error log: '['ERROR: CONNECTION RESET BY PEER at 2026-04-17T10:26:49.874000']'
REJECTED: 2026-04-17T10:27:19.084000,/login,200 | Reason: Error log: '['2026-04-17T10:27:19.084000', '/login', '200']'
REJECTED: ERROR: CONNECTION RESET BY PEER at 2026-04-17T10:27:32.231000 | Reason: Error log: '['ERROR: CONNECTION RESET BY PEER at 2026-04-17T10:27:32.231000']'
REJECTED: 2026-04-17T10:28:45.121000,/api/v1/users,OK,1106 | Reason: Invalid status_code 'OK': invalid literal for int() with base 10: 'OK'
REJECTED: ERROR: CONNECTION RESET BY PEER at 2026-04-17T10:29:05.704000 | Reason: Error log: '['ERROR: CONNECTION RESET BY PEER at 2026-04-17T10:29:05.704000']'
REJECTED: ERROR: CONNECTION RESET BY PEER at 2026-04-17T10:29:32.719000 | Reason: Error log: '['ERROR: CONNECTION RESET BY PEER at 2026-04-17T10:29:32.719000']'
REJECTED: ERROR: CONNECTION RESET BY PEER at 2026-04-17T10:29:51.623000 | Reason: Error log: '['ERROR: CONNECTION RESET BY PEER at 2026-04-17T10:29:51.623000']'
REJECTED: 2026-04-17T10:30:10.686000,/home,OK,900 | Reason: Invalid status_code 'OK': invalid literal for int() with base 10: 'OK'
REJECTED: 2026-04-17T10:30:46.409000,/checkout,500 | Reason: Error log: '['2026-04-17T10:30:46.409000', '/checkout', '500']'
REJECTED: 2026-04-17T10:30:46.986000,/checkout,OK,1474 | Reason: Invalid status_code 'OK': invalid literal for int() with base 10: 'OK'
REJECTED: 2026-04-17T10:31:16.049000,/home,OK,1253 | Reason: Invalid status_code 'OK': invalid literal for int() with base 10: 'OK'
REJECTED: 2026-04-17T10:31:42.371000,/home,OK,796 | Reason: Invalid status_code 'OK': invalid literal for int() with base 10: 'OK'
REJECTED: ERROR: CONNECTION RESET BY PEER at 2026-04-17T10:32:19.191000 | Reason: Error log: '['ERROR: CONNECTION RESET BY PEER at 2026-04-17T10:32:19.191000']'
REJECTED: ERROR: CONNECTION RESET BY PEER at 2026-04-17T10:32:46.242000 | Reason: Error log: '['ERROR: CONNECTION RESET BY PEER at 2026-04-17T10:32:46.242000']'
REJECTED: 2026-04-17T10:32:47.678000,/checkout,500 | Reason: Error log: '['2026-04-17T10:32:47.678000', '/checkout', '500']'
REJECTED: 2026-04-17T10:33:43.263000,/cart,OK,1166 | Reason: Invalid status_code 'OK': invalid literal for int() with base 10: 'OK'
REJECTED: 2026-04-17T10:33:51.006000,/api/v1/users,200 | Reason: Error log: '['2026-04-17T10:33:51.006000', '/api/v1/users', '200']'
REJECTED: ERROR: CONNECTION RESET BY PEER at 2026-04-17T10:34:44.176000 | Reason: Error log: '['ERROR: CONNECTION RESET BY PEER at 2026-04-17T10:34:44.176000']'
REJECTED: 2026-04-17T10:35:00.799000,/cart,201 | Reason: Error log: '['2026-04-17T10:35:00.799000', '/cart', '201']'
REJECTED: ERROR: CONNECTION RESET BY PEER at 2026-04-17T10:35:21.362000 | Reason: Error log: '['ERROR: CONNECTION RESET BY PEER at 2026-04-17T10:35:21.362000']'
REJECTED: ERROR: CONNECTION RESET BY PEER at 2026-04-17T10:35:37.412000 | Reason: Error log: '['ERROR: CONNECTION RESET BY PEER at 2026-04-17T10:35:37.412000']'
REJECTED: ERROR: CONNECTION RESET BY PEER at 2026-04-17T10:35:38.961000 | Reason: Error log: '['ERROR: CONNECTION RESET BY PEER at 2026-04-17T10:35:38.961000']'
REJECTED: ERROR: CONNECTION RESET BY PEER at 2026-04-17T10:35:41.974000 | Reason: Error log: '['ERROR: CONNECTION RESET BY PEER at 2026-04-17T10:35:41.974000']'
REJECTED: 2026-04-17T10:36:35.393000,/api/v1/products,OK,305 | Reason: Invalid status_code 'OK': invalid literal for int() with base 10: 'OK'
REJECTED: 2026-04-17T10:36:47.308000,/api/v1/users,OK,1012 | Reason: Invalid status_code 'OK': invalid literal for int() with base 10: 'OK'
REJECTED: 2026-04-17T10:37:00.135000,/api/v1/users,OK,1285 | Reason: Invalid status_code 'OK': invalid literal for int() with base 10: 'OK'
REJECTED: 2026-04-17T10:37:06.297000,/api/v1/products,OK,199 | Reason: Invalid status_code 'OK': invalid literal for int() with base 10: 'OK'
REJECTED: ERROR: CONNECTION RESET BY PEER at 2026-04-17T10:37:16.322000 | Reason: Error log: '['ERROR: CONNECTION RESET BY PEER at 2026-04-17T10:37:16.322000']'
REJECTED: ERROR: CONNECTION RESET BY PEER at 2026-04-17T10:37:25.198000 | Reason: Error log: '['ERROR: CONNECTION RESET BY PEER at 2026-04-17T10:37:25.198000']'
REJECTED: 2026-04-17T10:37:37.699000,/home,OK,79 | Reason: Invalid status_code 'OK': invalid literal for int() with base 10: 'OK'
REJECTED: ERROR: CONNECTION RESET BY PEER at 2026-04-17T10:37:38.573000 | Reason: Error log: '['ERROR: CONNECTION RESET BY PEER at 2026-04-17T10:37:38.573000']'
REJECTED: 2026-04-17T10:38:00.258000,/home,502 | Reason: Error log: '['2026-04-17T10:38:00.258000', '/home', '502']'
REJECTED: 2026-04-17T10:38:24.320000,/login,200 | Reason: Error log: '['2026-04-17T10:38:24.320000', '/login', '200']'
REJECTED: 2026-04-17T10:38:55.816000,/home,403 | Reason: Error log: '['2026-04-17T10:38:55.816000', '/home', '403']'
REJECTED: 2026-04-17T10:39:00.863000,/login,OK,1438 | Reason: Invalid status_code 'OK': invalid literal for int() with base 10: 'OK'
REJECTED: 2026-04-17T10:40:39.082000,/api/v1/users,OK,472 | Reason: Invalid status_code 'OK': invalid literal for int() with base 10: 'OK'
REJECTED: 2026-04-17T10:41:52.317000,/home,201 | Reason: Error log: '['2026-04-17T10:41:52.317000', '/home', '201']'
REJECTED: 2026-04-17T10:42:00.952000,/login,404 | Reason: Error log: '['2026-04-17T10:42:00.952000', '/login', '404']'
REJECTED: ERROR: CONNECTION RESET BY PEER at 2026-04-17T10:42:05.057000 | Reason: Error log: '['ERROR: CONNECTION RESET BY PEER at 2026-04-17T10:42:05.057000']'
REJECTED: 2026-04-17T10:42:18.563000,/api/v1/products,OK,439 | Reason: Invalid status_code 'OK': invalid literal for int() with base 10: 'OK'
REJECTED: ERROR: CONNECTION RESET BY PEER at 2026-04-17T10:42:40.651000 | Reason: Error log: '['ERROR: CONNECTION RESET BY PEER at 2026-04-17T10:42:40.651000']'
REJECTED: ERROR: CONNECTION RESET BY PEER at 2026-04-17T10:42:46.179000 | Reason: Error log: '['ERROR: CONNECTION RESET BY PEER at 2026-04-17T10:42:46.179000']'
REJECTED: ERROR: CONNECTION RESET BY PEER at 2026-04-17T10:42:50.701000 | Reason: Error log: '['ERROR: CONNECTION RESET BY PEER at 2026-04-17T10:42:50.701000']'
REJECTED: ERROR: CONNECTION RESET BY PEER at 2026-04-17T10:43:25.906000 | Reason: Error log: '['ERROR: CONNECTION RESET BY PEER at 2026-04-17T10:43:25.906000']'
REJECTED: 2026-04-17T10:43:46.383000,/checkout,OK,652 | Reason: Invalid status_code 'OK': invalid literal for int() with base 10: 'OK'
REJECTED: 2026-04-17T10:44:01.639000,/api/v1/products,OK,1142 | Reason: Invalid status_code 'OK': invalid literal for int() with base 10: 'OK'
REJECTED: 2026-04-17T10:45:01.324000,/api/v1/users,500 | Reason: Error log: '['2026-04-17T10:45:01.324000', '/api/v1/users', '500']'
REJECTED: ERROR: CONNECTION RESET BY PEER at 2026-04-17T10:45:14.786000 | Reason: Error log: '['ERROR: CONNECTION RESET BY PEER at 2026-04-17T10:45:14.786000']'
REJECTED: ERROR: CONNECTION RESET BY PEER at 2026-04-17T10:45:34.839000 | Reason: Error log: '['ERROR: CONNECTION RESET BY PEER at 2026-04-17T10:45:34.839000']'
REJECTED: ERROR: CONNECTION RESET BY PEER at 2026-04-17T10:45:38.565000 | Reason: Error log: '['ERROR: CONNECTION RESET BY PEER at 2026-04-17T10:45:38.565000']'
REJECTED: 2026-04-17T10:45:50.043000,/login,200 | Reason: Error log: '['2026-04-17T10:45:50.043000', '/login', '200']'
REJECTED: 2026-04-17T10:46:19.307000,/cart,OK,243 | Reason: Invalid status_code 'OK': invalid literal for int() with base 10: 'OK'
REJECTED: 2026-04-17T10:46:54.667000,/home,503 | Reason: Error log: '['2026-04-17T10:46:54.667000', '/home', '503']'
REJECTED: 2026-04-17T10:47:01.324000,/checkout,200 | Reason: Error log: '['2026-04-17T10:47:01.324000', '/checkout', '200']'
REJECTED: 2026-04-17T10:47:18.944000,/login,OK,1174 | Reason: Invalid status_code 'OK': invalid literal for int() with base 10: 'OK'
REJECTED: 2026-04-17T10:47:31.894000,/api/v1/users,OK,895 | Reason: Invalid status_code 'OK': invalid literal for int() with base 10: 'OK'
REJECTED: ERROR: CONNECTION RESET BY PEER at 2026-04-17T10:47:36.529000 | Reason: Error log: '['ERROR: CONNECTION RESET BY PEER at 2026-04-17T10:47:36.529000']'
REJECTED: ERROR: CONNECTION RESET BY PEER at 2026-04-17T10:47:51.065000 | Reason: Error log: '['ERROR: CONNECTION RESET BY PEER at 2026-04-17T10:47:51.065000']'
REJECTED: ERROR: CONNECTION RESET BY PEER at 2026-04-17T10:47:51.197000 | Reason: Error log: '['ERROR: CONNECTION RESET BY PEER at 2026-04-17T10:47:51.197000']'
REJECTED: 2026-04-17T10:47:59.745000,/login,503 | Reason: Error log: '['2026-04-17T10:47:59.745000', '/login', '503']'
REJECTED: 2026-04-17T10:48:16.389000,/api/v1/users,200 | Reason: Error log: '['2026-04-17T10:48:16.389000', '/api/v1/users', '200']'
REJECTED: 2026-04-17T10:48:30.437000,/api/v1/products,OK,1071 | Reason: Invalid status_code 'OK': invalid literal for int() with base 10: 'OK'
REJECTED: 2026-04-17T10:48:37.710000,/api/v1/users,OK,1407 | Reason: Invalid status_code 'OK': invalid literal for int() with base 10: 'OK'
REJECTED: ERROR: CONNECTION RESET BY PEER at 2026-04-17T10:48:44.253000 | Reason: Error log: '['ERROR: CONNECTION RESET BY PEER at 2026-04-17T10:48:44.253000']'
REJECTED: 2026-04-17T10:49:04.298000,/checkout,200 | Reason: Error log: '['2026-04-17T10:49:04.298000', '/checkout', '200']'
REJECTED: ERROR: CONNECTION RESET BY PEER at 2026-04-17T10:49:29.360000 | Reason: Error log: '['ERROR: CONNECTION RESET BY PEER at 2026-04-17T10:49:29.360000']'
REJECTED: ERROR: CONNECTION RESET BY PEER at 2026-04-17T10:49:53.834000 | Reason: Error log: '['ERROR: CONNECTION RESET BY PEER at 2026-04-17T10:49:53.834000']'
REJECTED: ERROR: CONNECTION RESET BY PEER at 2026-04-17T10:49:58.296000 | Reason: Error log: '['ERROR: CONNECTION RESET BY PEER at 2026-04-17T10:49:58.296000']'
REJECTED: 2026-04-17T10:50:01.060000,/home,OK,778 | Reason: Invalid status_code 'OK': invalid literal for int() with base 10: 'OK'
REJECTED: 2026-04-17T10:50:16.883000,/api/v1/products,201 | Reason: Error log: '['2026-04-17T10:50:16.883000', '/api/v1/products', '201']'
REJECTED: 2026-04-17T10:50:20.212000,/api/v1/users,OK,418 | Reason: Invalid status_code 'OK': invalid literal for int() with base 10: 'OK'
REJECTED: 2026-04-17T10:52:25.069000,/api/v1/users,OK,99 | Reason: Invalid status_code 'OK': invalid literal for int() with base 10: 'OK'
REJECTED: ERROR: CONNECTION RESET BY PEER at 2026-04-17T10:52:46.998000 | Reason: Error log: '['ERROR: CONNECTION RESET BY PEER at 2026-04-17T10:52:46.998000']'
REJECTED: 2026-04-17T10:53:05.637000,/home,OK,838 | Reason: Invalid status_code 'OK': invalid literal for int() with base 10: 'OK'
REJECTED: 2026-04-17T10:53:14.335000,/login,OK,1113 | Reason: Invalid status_code 'OK': invalid literal for int() with base 10: 'OK'
REJECTED: 2026-04-17T10:53:24.564000,/checkout,503 | Reason: Error log: '['2026-04-17T10:53:24.564000', '/checkout', '503']'
REJECTED: 2026-04-17T10:53:31.584000,/checkout,400 | Reason: Error log: '['2026-04-17T10:53:31.584000', '/checkout', '400']'
REJECTED: ERROR: CONNECTION RESET BY PEER at 2026-04-17T10:54:42.410000 | Reason: Error log: '['ERROR: CONNECTION RESET BY PEER at 2026-04-17T10:54:42.410000']'
REJECTED: 2026-04-17T10:54:46.244000,/api/v1/products,OK,645 | Reason: Invalid status_code 'OK': invalid literal for int() with base 10: 'OK'
REJECTED: ERROR: CONNECTION RESET BY PEER at 2026-04-17T10:54:56.325000 | Reason: Error log: '['ERROR: CONNECTION RESET BY PEER at 2026-04-17T10:54:56.325000']'
REJECTED: 2026-04-17T10:55:08.436000,/checkout,OK,653 | Reason: Invalid status_code 'OK': invalid literal for int() with base 10: 'OK'
REJECTED: 2026-04-17T10:55:22.891000,/api/v1/users,OK,50 | Reason: Invalid status_code 'OK': invalid literal for int() with base 10: 'OK'
REJECTED: 2026-04-17T10:55:34.572000,/checkout,OK,271 | Reason: Invalid status_code 'OK': invalid literal for int() with base 10: 'OK'
REJECTED: 2026-04-17T10:55:41.668000,/cart,500 | Reason: Error log: '['2026-04-17T10:55:41.668000', '/cart', '500']'
REJECTED: ERROR: CONNECTION RESET BY PEER at 2026-04-17T10:55:43.760000 | Reason: Error log: '['ERROR: CONNECTION RESET BY PEER at 2026-04-17T10:55:43.760000']'
REJECTED: ERROR: CONNECTION RESET BY PEER at 2026-04-17T10:56:25.925000 | Reason: Error log: '['ERROR: CONNECTION RESET BY PEER at 2026-04-17T10:56:25.925000']'
REJECTED: 2026-04-17T10:57:20.052000,/home,OK,1027 | Reason: Invalid status_code 'OK': invalid literal for int() with base 10: 'OK'
REJECTED: ERROR: CONNECTION RESET BY PEER at 2026-04-17T10:57:38.982000 | Reason: Error log: '['ERROR: CONNECTION RESET BY PEER at 2026-04-17T10:57:38.982000']'
REJECTED: 2026-04-17T10:57:44.245000,/api/v1/products,OK,1393 | Reason: Invalid status_code 'OK': invalid literal for int() with base 10: 'OK'
REJECTED: 2026-04-17T10:57:54.060000,/login,401 | Reason: Error log: '['2026-04-17T10:57:54.060000', '/login', '401']'
REJECTED: ERROR: CONNECTION RESET BY PEER at 2026-04-17T10:58:01.478000 | Reason: Error log: '['ERROR: CONNECTION RESET BY PEER at 2026-04-17T10:58:01.478000']'
REJECTED: 2026-04-17T10:59:18.241000,/home,502 | Reason: Error log: '['2026-04-17T10:59:18.241000', '/home', '502']'
REJECTED: ERROR: CONNECTION RESET BY PEER at 2026-04-17T10:59:53.991000 | Reason: Error log: '['ERROR: CONNECTION RESET BY PEER at 2026-04-17T10:59:53.991000']'
REJECTED: ERROR: CONNECTION RESET BY PEER at 2026-04-17T11:00:14.431000 | Reason: Error log: '['ERROR: CONNECTION RESET BY PEER at 2026-04-17T11:00:14.431000']'
REJECTED: 2026-04-17T11:00:15.551000,/api/v1/products,404 | Reason: Error log: '['2026-04-17T11:00:15.551000', '/api/v1/products', '404']'
REJECTED: ERROR: CONNECTION RESET BY PEER at 2026-04-17T11:00:18.584000 | Reason: Error log: '['ERROR: CONNECTION RESET BY PEER at 2026-04-17T11:00:18.584000']'
REJECTED: ERROR: CONNECTION RESET BY PEER at 2026-04-17T11:01:21.681000 | Reason: Error log: '['ERROR: CONNECTION RESET BY PEER at 2026-04-17T11:01:21.681000']'
REJECTED: 2026-04-17T11:01:38.900000,/api/v1/users,500 | Reason: Error log: '['2026-04-17T11:01:38.900000', '/api/v1/users', '500']'
REJECTED: 2026-04-17T11:01:52.640000,/api/v1/products,201 | Reason: Error log: '['2026-04-17T11:01:52.640000', '/api/v1/products', '201']'
REJECTED: 2026-04-17T11:01:59.236000,/home,OK,628 | Reason: Invalid status_code 'OK': invalid literal for int() with base 10: 'OK'
REJECTED: ERROR: CONNECTION RESET BY PEER at 2026-04-17T11:02:32.556000 | Reason: Error log: '['ERROR: CONNECTION RESET BY PEER at 2026-04-17T11:02:32.556000']'
REJECTED: 2026-04-17T11:02:49.803000,/api/v1/products,404 | Reason: Error log: '['2026-04-17T11:02:49.803000', '/api/v1/products', '404']'
REJECTED: 2026-04-17T11:03:10.166000,/home,500 | Reason: Error log: '['2026-04-17T11:03:10.166000', '/home', '500']'
REJECTED: ERROR: CONNECTION RESET BY PEER at 2026-04-17T11:03:27.318000 | Reason: Error log: '['ERROR: CONNECTION RESET BY PEER at 2026-04-17T11:03:27.318000']'
REJECTED: 2026-04-17T11:03:29.516000,/api/v1/users,OK,1033 | Reason: Invalid status_code 'OK': invalid literal for int() with base 10: 'OK'
REJECTED: 2026-04-17T11:03:33.209000,/home,403 | Reason: Error log: '['2026-04-17T11:03:33.209000', '/home', '403']'
REJECTED: ERROR: CONNECTION RESET BY PEER at 2026-04-17T11:03:58.519000 | Reason: Error log: '['ERROR: CONNECTION RESET BY PEER at 2026-04-17T11:03:58.519000']'
REJECTED: ERROR: CONNECTION RESET BY PEER at 2026-04-17T11:05:39.156000 | Reason: Error log: '['ERROR: CONNECTION RESET BY PEER at 2026-04-17T11:05:39.156000']'
REJECTED: ERROR: CONNECTION RESET BY PEER at 2026-04-17T11:05:50.657000 | Reason: Error log: '['ERROR: CONNECTION RESET BY PEER at 2026-04-17T11:05:50.657000']'
REJECTED: 2026-04-17T11:06:00.666000,/api/v1/users,502 | Reason: Error log: '['2026-04-17T11:06:00.666000', '/api/v1/users', '502']'
REJECTED: 2026-04-17T11:06:06,/api/v1/users,200,931 | Reason: Unknown date format: '2026-04-17T11:06:06'
REJECTED: 2026-04-17T11:06:17.339000,/cart,OK,451 | Reason: Invalid status_code 'OK': invalid literal for int() with base 10: 'OK'
REJECTED: ERROR: CONNECTION RESET BY PEER at 2026-04-17T11:06:49.657000 | Reason: Error log: '['ERROR: CONNECTION RESET BY PEER at 2026-04-17T11:06:49.657000']'
REJECTED: ERROR: CONNECTION RESET BY PEER at 2026-04-17T11:06:55.584000 | Reason: Error log: '['ERROR: CONNECTION RESET BY PEER at 2026-04-17T11:06:55.584000']'
REJECTED: 2026-04-17T11:07:31.944000,/checkout,401 | Reason: Error log: '['2026-04-17T11:07:31.944000', '/checkout', '401']'
REJECTED: 2026-04-17T11:07:52.522000,/cart,OK,92 | Reason: Invalid status_code 'OK': invalid literal for int() with base 10: 'OK'
REJECTED: 2026-04-17T11:08:08.536000,/login,OK,751 | Reason: Invalid status_code 'OK': invalid literal for int() with base 10: 'OK'
REJECTED: 2026-04-17T11:08:37.590000,/home,OK,361 | Reason: Invalid status_code 'OK': invalid literal for int() with base 10: 'OK'
REJECTED: 2026-04-17T11:08:41.355000,/checkout,200 | Reason: Error log: '['2026-04-17T11:08:41.355000', '/checkout', '200']'
REJECTED: 2026-04-17T11:09:15.927000,/login,OK,589 | Reason: Invalid status_code 'OK': invalid literal for int() with base 10: 'OK'
REJECTED: ERROR: CONNECTION RESET BY PEER at 2026-04-17T11:10:36.442000 | Reason: Error log: '['ERROR: CONNECTION RESET BY PEER at 2026-04-17T11:10:36.442000']'
REJECTED: 2026-04-17T11:11:13.927000,/login,502 | Reason: Error log: '['2026-04-17T11:11:13.927000', '/login', '502']'
REJECTED: ERROR: CONNECTION RESET BY PEER at 2026-04-17T11:11:23.419000 | Reason: Error log: '['ERROR: CONNECTION RESET BY PEER at 2026-04-17T11:11:23.419000']'
REJECTED: 2026-04-17T11:11:34.777000,/login,200 | Reason: Error log: '['2026-04-17T11:11:34.777000', '/login', '200']'
REJECTED: 2026-04-17T11:11:36.925000,/login,400 | Reason: Error log: '['2026-04-17T11:11:36.925000', '/login', '400']'
REJECTED: 2026-04-17T11:12:53.330000,/api/v1/users,OK,764 | Reason: Invalid status_code 'OK': invalid literal for int() with base 10: 'OK'
REJECTED: 2026-04-17T11:12:56.039000,/login,400 | Reason: Error log: '['2026-04-17T11:12:56.039000', '/login', '400']'
REJECTED: ERROR: CONNECTION RESET BY PEER at 2026-04-17T11:13:03.133000 | Reason: Error log: '['ERROR: CONNECTION RESET BY PEER at 2026-04-17T11:13:03.133000']'
REJECTED: 2026-04-17T11:13:15.633000,/checkout,OK,526 | Reason: Invalid status_code 'OK': invalid literal for int() with base 10: 'OK'
REJECTED: 2026-04-17T11:14:45.363000,/api/v1/products,OK,654 | Reason: Invalid status_code 'OK': invalid literal for int() with base 10: 'OK'
REJECTED: 2026-04-17T11:15:26,/checkout,502,918 | Reason: Unknown date format: '2026-04-17T11:15:26'
REJECTED: ERROR: CONNECTION RESET BY PEER at 2026-04-17T11:17:51.666000 | Reason: Error log: '['ERROR: CONNECTION RESET BY PEER at 2026-04-17T11:17:51.666000']'
REJECTED: ERROR: CONNECTION RESET BY PEER at 2026-04-17T11:17:56.062000 | Reason: Error log: '['ERROR: CONNECTION RESET BY PEER at 2026-04-17T11:17:56.062000']'
REJECTED: 2026-04-17T11:18:04.023000,/home,OK,1411 | Reason: Invalid status_code 'OK': invalid literal for int() with base 10: 'OK'
REJECTED: ERROR: CONNECTION RESET BY PEER at 2026-04-17T11:18:04.881000 | Reason: Error log: '['ERROR: CONNECTION RESET BY PEER at 2026-04-17T11:18:04.881000']'
REJECTED: ERROR: CONNECTION RESET BY PEER at 2026-04-17T11:18:09.397000 | Reason: Error log: '['ERROR: CONNECTION RESET BY PEER at 2026-04-17T11:18:09.397000']'
REJECTED: 2026-04-17T11:18:16.512000,/checkout,502 | Reason: Error log: '['2026-04-17T11:18:16.512000', '/checkout', '502']'
REJECTED: 2026-04-17T11:19:45.410000,/cart,OK,1133 | Reason: Invalid status_code 'OK': invalid literal for int() with base 10: 'OK'
REJECTED: ERROR: CONNECTION RESET BY PEER at 2026-04-17T11:20:18.583000 | Reason: Error log: '['ERROR: CONNECTION RESET BY PEER at 2026-04-17T11:20:18.583000']'
REJECTED: ERROR: CONNECTION RESET BY PEER at 2026-04-17T11:20:24.436000 | Reason: Error log: '['ERROR: CONNECTION RESET BY PEER at 2026-04-17T11:20:24.436000']'
REJECTED: ERROR: CONNECTION RESET BY PEER at 2026-04-17T11:20:42.422000 | Reason: Error log: '['ERROR: CONNECTION RESET BY PEER at 2026-04-17T11:20:42.422000']'
REJECTED: 2026-04-17T11:20:49.642000,/cart,OK,692 | Reason: Invalid status_code 'OK': invalid literal for int() with base 10: 'OK'
REJECTED: ERROR: CONNECTION RESET BY PEER at 2026-04-17T11:21:04.175000 | Reason: Error log: '['ERROR: CONNECTION RESET BY PEER at 2026-04-17T11:21:04.175000']'
REJECTED: ERROR: CONNECTION RESET BY PEER at 2026-04-17T11:22:35.886000 | Reason: Error log: '['ERROR: CONNECTION RESET BY PEER at 2026-04-17T11:22:35.886000']'
REJECTED: ERROR: CONNECTION RESET BY PEER at 2026-04-17T11:22:47.148000 | Reason: Error log: '['ERROR: CONNECTION RESET BY PEER at 2026-04-17T11:22:47.148000']'
REJECTED: 2026-04-17T11:22:48.340000,/api/v1/users,201 | Reason: Error log: '['2026-04-17T11:22:48.340000', '/api/v1/users', '201']'
